[18680:22700:0921/185214.308:INFO:components\enterprise\browser\controller\chrome_browser_cloud_management_controller.cc:206] No machine level policy manager exists.
[18680:22700:0921/185215.460:INFO:CONSOLE:1] "A parser-blocking, cross site (i.e. different eTLD+1) script, https://g.lazcdn.com/g/??/AWSC/AWSC/awsc.js,/sd/baxia-entry/baxiaCommon.js, is invoked via document.write. The network request for this script MAY be blocked by the browser in this or a future page load due to poor network connectivity. If blocked in this page load, it will be confirmed in a subsequent console message. See https://www.chromestatus.com/feature/5718547946799104 for more details.", source: https://g.lazcdn.com/res-o/lzd_sec/LWSC/index.js (1)
[18680:22700:0921/185215.461:INFO:CONSOLE:1] "A parser-blocking, cross site (i.e. different eTLD+1) script, https://g.lazcdn.com/g/??/AWSC/AWSC/awsc.js,/sd/baxia-entry/baxiaCommon.js, is invoked via document.write. The network request for this script MAY be blocked by the browser in this or a future page load due to poor network connectivity. If blocked in this page load, it will be confirmed in a subsequent console message. See https://www.chromestatus.com/feature/5718547946799104 for more details.", source: https://g.lazcdn.com/res-o/lzd_sec/LWSC/index.js (1)
[18680:22700:0921/185215.469:INFO:CONSOLE:1026] "[header debug data]: header start", source: https://www.lazada.vn/products/pdp-i1576166750-s14059010693.html (1026)
[20800:6292:0921/185215.561:ERROR:gpu\command_buffer\service\gles2_cmd_decoder_passthrough.cc:1100] [GroupMarkerNotSet(crbug.com/242999)!:A0B0280014550000]Automatic fallback to software WebGL has been deprecated. Please use the --enable-unsafe-swiftshader (about:flags#enable-unsafe-swiftshader) flag to opt in to lower security guarantees for trusted content.
[20800:6292:0921/185215.585:ERROR:gpu\command_buffer\service\gles2_cmd_decoder_passthrough.cc:1100] [GroupMarkerNotSet(crbug.com/242999)!:A0B0280014550000]Automatic fallback to software WebGL has been deprecated. Please use the --enable-unsafe-swiftshader (about:flags#enable-unsafe-swiftshader) flag to opt in to lower security guarantees for trusted content.
[20800:6292:0921/185215.590:ERROR:gpu\command_buffer\service\gles2_cmd_decoder_passthrough.cc:1100] [GroupMarkerNotSet(crbug.com/242999)!:A0B0280014550000]Automatic fallback to software WebGL has been deprecated. Please use the --enable-unsafe-swiftshader (about:flags#enable-unsafe-swiftshader) flag to opt in to lower security guarantees for trusted content.
[18680:22700:0921/185215.621:INFO:CONSOLE:1316] "[header debug data]: header end", source: https://www.lazada.vn/products/pdp-i1576166750-s14059010693.html (1316)
[18680:22700:0921/185215.644:INFO:CONSOLE:1473] "[GroupMarkerNotSet(crbug.com/242999)!:A0B0280014550000]Automatic fallback to software WebGL has been deprecated. Please use the --enable-unsafe-swiftshader (about:flags#enable-unsafe-swiftshader) flag to opt in to lower security guarantees for trusted content.", source: https://www.lazada.vn/products/pdp-i1576166750-s14059010693.html (1473)
[18680:22700:0921/185215.723:INFO:CONSOLE:10] "URIError", source: https://g.lazcdn.com/g/lzd_sec/epssw/0.0.41/epssw.js (10)
[18680:22700:0921/185215.723:INFO:CONSOLE:4] "[object f]", source: https://g.lazcdn.com/g/lzd_sec/epssw/0.0.41/epssw.js (4)
[18680:22700:0921/185215.747:INFO:CONSOLE:1861] "[header debug data]: footer start", source: https://www.lazada.vn/products/pdp-i1576166750-s14059010693.html (1861)
[20800:6292:0921/185215.759:ERROR:gpu\command_buffer\service\gles2_cmd_decoder_passthrough.cc:1100] [GroupMarkerNotSet(crbug.com/242999)!:A0E0280014550000]Automatic fallback to software WebGL has been deprecated. Please use the --enable-unsafe-swiftshader (about:flags#enable-unsafe-swiftshader) flag to opt in to lower security guarantees for trusted content.
[18680:22700:0921/185215.808:INFO:CONSOLE:5] "[Anonymous Cart sdk] init....", source: https://g.lazcdn.com/g/code/npm/@ali/gcom-pc-anonymous-cart-sdk/1.0.1/lib_anonymousCart/index.umd.es5.production.js (5)
[18680:22700:0921/185215.811:INFO:CONSOLE:5] "[Anonymous Cart sdk] isAnonymousCart :  true", source: https://g.lazcdn.com/g/code/npm/@ali/gcom-pc-anonymous-cart-sdk/1.0.1/lib_anonymousCart/index.umd.es5.production.js (5)
[18680:22700:0921/185215.816:INFO:CONSOLE:2069] "[GroupMarkerNotSet(crbug.com/242999)!:A0E0280014550000]Automatic fallback to software WebGL has been deprecated. Please use the --enable-unsafe-swiftshader (about:flags#enable-unsafe-swiftshader) flag to opt in to lower security guarantees for trusted content.", source: https://www.lazada.vn/products/pdp-i1576166750-s14059010693.html (2069)
[18680:22700:0921/185215.941:INFO:CONSOLE:2111] "[header debug data]: footer end", source: https://www.lazada.vn/products/pdp-i1576166750-s14059010693.html (2111)
[18680:22700:0921/185215.948:INFO:CONSOLE:1] "Root node #ice-container is not found, current root is automatically created by the framework.", source: https://g.lazcdn.com/g/psolution/lzd-head-foot/1.4.2/js/388.js (1)
[18680:22700:0921/185215.965:INFO:CONSOLE:2181] "ServiceWorker registration successful with scope:  https://www.lazada.vn/products/", source: https://www.lazada.vn/products/pdp-i1576166750-s14059010693.html (2181)
[18680:22700:0921/185216.011:WARNING:chrome\browser\media\prefs\capture_device_ranking.h:255] Can't initialize the value of media.audio_input.user_preference_ranking because media.default_audio_capture_device isn't registered or is empty
[18680:22700:0921/185216.011:WARNING:chrome\browser\media\prefs\capture_device_ranking.h:255] Can't initialize the value of media.video_input.user_preference_ranking because media.default_video_capture_Device isn't registered or is empty
[20800:6292:0921/185216.017:ERROR:gpu\command_buffer\service\gles2_cmd_decoder_passthrough.cc:1100] [GroupMarkerNotSet(crbug.com/242999)!:A010290014550000]Automatic fallback to software WebGL has been deprecated. Please use the --enable-unsafe-swiftshader (about:flags#enable-unsafe-swiftshader) flag to opt in to lower security guarantees for trusted content.
[18680:22700:0921/185216.027:INFO:CONSOLE:5] "[Anonymous Cart sdk] cartInfo [object Object]", source: https://g.lazcdn.com/g/code/npm/@ali/gcom-pc-anonymous-cart-sdk/1.0.1/lib_anonymousCart/index.umd.es5.production.js (5)
[20800:6292:0921/185216.048:ERROR:gpu\command_buffer\service\gles2_cmd_decoder_passthrough.cc:1100] [GroupMarkerNotSet(crbug.com/242999)!:A0E0280014550000]Automatic fallback to software WebGL has been deprecated. Please use the --enable-unsafe-swiftshader (about:flags#enable-unsafe-swiftshader) flag to opt in to lower security guarantees for trusted content.
[18680:22700:0921/185216.060:INFO:CONSOLE:0] "[GroupMarkerNotSet(crbug.com/242999)!:A0E0280014550000]Automatic fallback to software WebGL has been deprecated. Please use the --enable-unsafe-swiftshader (about:flags#enable-unsafe-swiftshader) flag to opt in to lower security guarantees for trusted content.", source: https://www.lazada.vn/products/pdp-i1576166750-s14059010693.html (0)
[18680:22700:0921/185216.125:INFO:CONSOLE:1] "lzd-h5-itrace version: v2.0.45", source: https://o.alicdn.com/lzdfe/lzd-h5-itrace/index.js (1)
[18680:22700:0921/185216.125:INFO:CONSOLE:1] "[lzd-h5-itrace] lifecyle report plugin ready", source: https://o.alicdn.com/lzdfe/lzd-h5-itrace/index.js (1)
[18680:22700:0921/185216.129:INFO:CONSOLE:1] "[lzd-h5-itrace 2.0] init images perf monitor", source: https://o.alicdn.com/lzdfe/lzd-h5-itrace/index.js (1)
[18680:22700:0921/185216.130:INFO:CONSOLE:1] "[lzd-h5-itrace] init asset perf monitor", source: https://o.alicdn.com/lzdfe/lzd-h5-itrace/index.js (1)
[18680:22700:0921/185216.130:INFO:CONSOLE:1] "--- iLoggerMtopPluginInit ---", source: https://o.alicdn.com/lzdfe/lzd-h5-itrace/index.js (1)
[18680:22700:0921/185216.130:INFO:CONSOLE:1] "[lzd-h5-itrace] mtop itrace plugin init success!", source: https://o.alicdn.com/lzdfe/lzd-h5-itrace/index.js (1)
[18680:22700:0921/185216.275:INFO:CONSOLE:1] "将根据已有的meta标签来设置缩放比例", source: https://g.lazcdn.com/g/??mtb/lib-flexible/0.3.2/flexible.js,mtb/lib-windvane/3.0.6/windvane.js (1)
[18680:22700:0921/185216.296:INFO:CONSOLE:10] "URIError", source: https://g.lazcdn.com/g/lzd_sec/epssw/0.0.41/epssw.js (10)
[18680:22700:0921/185216.296:INFO:CONSOLE:4] "[object f]", source: https://g.lazcdn.com/g/lzd_sec/epssw/0.0.41/epssw.js (4)
[18680:22700:0921/185216.299:INFO:CONSOLE:8] "Permissions policy violation: accelerometer is not allowed in this document.", source: https://g.lazcdn.com/g/lzd_sec/epssw/0.0.41/epssw.js (8)
[18680:22700:0921/185216.299:INFO:CONSOLE:8] "The deviceorientation events are blocked by permissions policy. See https://github.com/w3c/webappsec-permissions-policy/blob/master/features.md#sensor-features", source: https://g.lazcdn.com/g/lzd_sec/epssw/0.0.41/epssw.js (8)
[18680:22700:0921/185216.303:WARNING:chrome\browser\media\prefs\capture_device_ranking.h:255] Can't initialize the value of media.audio_input.user_preference_ranking because media.default_audio_capture_device isn't registered or is empty
[18680:22700:0921/185216.303:WARNING:chrome\browser\media\prefs\capture_device_ranking.h:255] Can't initialize the value of media.video_input.user_preference_ranking because media.default_video_capture_Device isn't registered or is empty
[18680:22700:0921/185216.325:INFO:CONSOLE:1] "Permissions policy violation: gyroscope is not allowed in this document.", source: https://g.alicdn.com/secdev/sufei_data/3.9.14/index.js (1)
[18680:22700:0921/185216.325:INFO:CONSOLE:1] "Permissions policy violation: accelerometer is not allowed in this document.", source: https://g.alicdn.com/secdev/sufei_data/3.9.14/index.js (1)
[18680:22700:0921/185216.325:INFO:CONSOLE:1] "The deviceorientation events are blocked by permissions policy. See https://github.com/w3c/webappsec-permissions-policy/blob/master/features.md#sensor-features", source: https://g.alicdn.com/secdev/sufei_data/3.9.14/index.js (1)
[20800:6292:0921/185216.328:ERROR:gpu\command_buffer\service\gles2_cmd_decoder_passthrough.cc:1100] [GroupMarkerNotSet(crbug.com/242999)!:A070290014550000]Automatic fallback to software WebGL has been deprecated. Please use the --enable-unsafe-swiftshader (about:flags#enable-unsafe-swiftshader) flag to opt in to lower security guarantees for trusted content.
[20800:6292:0921/185216.339:ERROR:gpu\command_buffer\service\gles2_cmd_decoder_passthrough.cc:1100] [GroupMarkerNotSet(crbug.com/242999)!:A070290014550000]Automatic fallback to software WebGL has been deprecated. Please use the --enable-unsafe-swiftshader (about:flags#enable-unsafe-swiftshader) flag to opt in to lower security guarantees for trusted content.
[18680:22700:0921/185216.346:INFO:CONSOLE:3] "Error", source: https://g.lazcdn.com/g/AWSC/et/1.83.35/et_f.js (3)
[20800:6292:0921/185216.350:ERROR:gpu\command_buffer\service\gles2_cmd_decoder_passthrough.cc:1100] [GroupMarkerNotSet(crbug.com/242999)!:A070290014550000]Automatic fallback to software WebGL has been deprecated. Please use the --enable-unsafe-swiftshader (about:flags#enable-unsafe-swiftshader) flag to opt in to lower security guarantees for trusted content.
[20800:6292:0921/185216.353:ERROR:gpu\command_buffer\service\gles2_cmd_decoder_passthrough.cc:1100] [GroupMarkerNotSet(crbug.com/242999)!:A070290014550000]Automatic fallback to software WebGL has been deprecated. Please use the --enable-unsafe-swiftshader (about:flags#enable-unsafe-swiftshader) flag to opt in to lower security guarantees for trusted content.
[18680:22700:0921/185216.369:INFO:CONSOLE:0] "[GroupMarkerNotSet(crbug.com/242999)!:A070290014550000]Automatic fallback to software WebGL has been deprecated. Please use the --enable-unsafe-swiftshader (about:flags#enable-unsafe-swiftshader) flag to opt in to lower security guarantees for trusted content.", source: https://acs-m.lazada.vn/h5/mtop.global.detail.web.getdetailinfo/1.0/_____tmd_____/punish?recaptcha=1&iframe=1&x5step=3&x5secdata=xg78cd2c996fe568efna9006d1edfa41ba852126ec2c886158811758455536a1984346082a958803491abaxc3eajrecaptcha33b9dd5c8674270ee9f50d8d5d108d7e83a__bx__acs-m.lazada.vn:443/h5/mtop.global.detail.web.getdetailinfo/1.0&uuid=9006d1edfa41ba852126ec2c88615881&qrcode=kAbR7fpBuoUhJuwsiGFYgQ|aM_m8A|OSYuIw_0|BlS-PA&redirectURL=https%3a%2f%2facs-m.lazada.vn:443/h5/mtop.global.detail.web.getdetailinfo/1.0%2F_____tmd_____%2Fpage%2Fthird_validate_close_page%3Frand%3DS3WxGHAgAt756EpznwfNzJq2AFA2qBNla3j6EINUS8We9dazM_iKElp8DwVSHZUevpC41Bx7RzivXIj9RnZgdg%26uuid%3D9006d1edfa41ba852126ec2c88615881%26x5secdata%3Dxg78cd2c996fe568efna9006d1edfa41ba852126ec2c886158811758455536a1984346082a958803491abaxc3eajrecaptcha33b9dd5c8674270ee9f50d8d5d108d7e83a__bx__acs-m.lazada.vn:443/h5/mtop.global.detail.web.getdetailinfo/1.0 (0)
[18680:22700:0921/185216.714:INFO:CONSOLE:0] "Potential permissions policy violation: publickey-credentials-get is not allowed in this document.", source:  (0)
[18680:22700:0921/185217.937:INFO:CONSOLE:5] "[FloatCartSDK][log] ANONYMOUS_FLOAT_CART_IS_ANONYMOUS [object Object]", source: https://g.lazcdn.com/g/code/npm/@ali/multimod-lzd-trade__cart/2.1.118/lib-cart/index.umd.es5.production.js (5)
[18680:22700:0921/185217.938:INFO:CONSOLE:5] "[FloatCartSDK] assets env is set to product by window.__LIB_CART_ASSETS_ENV__", source: https://g.lazcdn.com/g/code/npm/@ali/multimod-lzd-trade__cart/2.1.118/lib-cart/index.umd.es5.production.js (5)
[18680:22700:0921/185217.941:INFO:CONSOLE:5] "[FloatCartSDK][log] FLOAT_CART_MOUNT_CSS_LOAD_RESULT [object Object]", source: https://g.lazcdn.com/g/code/npm/@ali/multimod-lzd-trade__cart/2.1.118/lib-cart/index.umd.es5.production.js (5)
[18680:22700:0921/185217.942:INFO:CONSOLE:5] "[FloatCartSDK][log] ANONYMOUS_PC_CART_GET_CACHE [object Object]", source: https://g.lazcdn.com/g/code/npm/@ali/multimod-lzd-trade__cart/2.1.118/lib-cart/index.umd.es5.production.js (5)
[18680:22700:0921/185217.942:INFO:CONSOLE:5] "[FloatCartSDK][log] FLOAT_CART_MOUNT_RESULT [object Object]", source: https://g.lazcdn.com/g/code/npm/@ali/multimod-lzd-trade__cart/2.1.118/lib-cart/index.umd.es5.production.js (5)
[18680:22700:0921/185217.944:INFO:CONSOLE:5] "[FloatCartSDK][log] ANONYMOUS_FLOAT_CART_ADDITEMS [object Object]", source: https://g.lazcdn.com/g/code/npm/@ali/multimod-lzd-trade__cart/2.1.118/lib-cart/index.umd.es5.production.js (5)
[9720:5956:0921/185220.415:WARNING:net\extras\sqlite\sqlite_persistent_store_backend_base.cc:176] Failed to post task from FlushAndNotifyInBackground@net\extras\sqlite\sqlite_persistent_store_backend_base.cc:226 to client_task_runner_.
[9720:5956:0921/185220.415:WARNING:net\extras\sqlite\sqlite_persistent_store_backend_base.cc:176] Failed to post task from FlushAndNotifyInBackground@net\extras\sqlite\sqlite_persistent_store_backend_base.cc:226 to client_task_runner_.
