[22256:20516:0921/185439.682:INFO:components\enterprise\browser\controller\chrome_browser_cloud_management_controller.cc:206] No machine level policy manager exists.
[22256:20516:0921/185440.698:INFO:CONSOLE:213] "[header debug data]: header start", source: https://www.lazada.vn/ (213)
[22256:20516:0921/185440.829:INFO:CONSOLE:660] "[header debug data]: header end", source: https://www.lazada.vn/ (660)
[22256:20516:0921/185440.837:INFO:CONSOLE:2151] "[header debug data]: footer start", source: https://www.lazada.vn/ (2151)
[22256:20516:0921/185440.922:INFO:CONSOLE:5] "[Anonymous Cart sdk] init....", source: https://g.lazcdn.com/g/code/npm/@ali/gcom-pc-anonymous-cart-sdk/1.0.1/lib_anonymousCart/index.umd.es5.production.js (5)
[22256:20516:0921/185440.955:INFO:CONSOLE:4712] "[header debug data]: footer end", source: https://www.lazada.vn/ (4712)
[22256:20516:0921/185440.962:INFO:CONSOLE:1] "Root node #ice-container is not found, current root is automatically created by the framework.", source: https://g.lazcdn.com/g/psolution/lzd-head-foot/1.4.2/js/388.js (1)
[22256:20516:0921/185441.083:INFO:CONSOLE:48] "[@ali/lib-mtop] The current page does not have the lib.windvane variable, automatically downgraded to H5 request", source: https://g.lazcdn.com/g/??mui/feloader/5.0.5/feloader-min.js,code/npm/@ali/pnpm-react/18.2.0/6a96e9f5.js,code/npm/@ali/pnpm-react/18.2.0/index.js,code/npm/@ali/pnpm-react-dom/18.2.1/280b565f.js,code/npm/@ali/pnpm-react-dom/18.2.1/client.js,code/npm/@ali/pnpm-react-dom/18.2.1/index.js,code/npm/@ali/gcom-lzd-sites/1.7.0/index.js,code/npm/@ali/gcom-lzd-cookie/1.7.0/index.js,code/npm/@ali/gcom-lzd-env/1.5.0/index.js,code/npm/@ali/gcom-lzd-qs/1.3.4/index.js,code/npm/@ali/gcom-jsonp/1.4.0/index.js,code/npm/@ali/gcom-lzd-mtop/1.3.0/index.js,code/npm/@ali/gcom-lzd-data-prefetch/1.4.0/index.js,code/npm/@ali/gcom-lzd-resize/1.5.2/index.js,code/npm/@ali/pnpm-react/18.2.0/jsx-runtime.js,code/npm/@ali/gcom-lzd-version-compare/1.3.0/index.js,code/npm/@ali/gcom-lzd-device/0.0.1/index.js,code/npm/@ali/gcom-lzd-push/0.0.14/index.js,code/npm/@ali/gcom-lzd-render-v3/1.0.106/index.js (48)
[22256:20516:0921/185441.093:INFO:CONSOLE:1] "seometa init [object Object]", source: https://g.lazcdn.com/g/??code/npm/@ali/lzdrwb-seometa/5.0.3/index-pc.js,code/npm/@ali/lzdrwb-homepage-react/1.3.1/index-pc.js,code/npm/@ali/gcom-lang-i18n/1.0.0/index.js,code/npm/@ali/lzdrwb-homepage-react/1.3.1/vendor.cjs.es5.production.js (1)
[22256:20516:0921/185441.145:INFO:CONSOLE:10] "URIError", source: https://g.lazcdn.com/g/lzd_sec/epssw/0.0.41/epssw.js (10)
[22256:20516:0921/185441.145:INFO:CONSOLE:4] "[object f]", source: https://g.lazcdn.com/g/lzd_sec/epssw/0.0.41/epssw.js (4)
[20368:23488:0921/185441.149:INFO:third_party\blink\renderer\modules\peerconnection\peer_connection_dependency_factory.cc:924] Running WebRTC with a combined Network and Worker thread.
[22256:20516:0921/185442.006:INFO:CONSOLE:5] "UAT mtop error log:{"api":"mtop.lazada.member.user.biz.getuser","data":{},"ret":["FAIL_SYS_SESSION_EXPIRED::Session过期"],"v":"1.0","responseHeaders":"cache-control: no-cache\r\ncontent-length: 115\r\ncontent-type: application/json;charset=UTF-8\r\npragma: no-cache\r\nx-eagleeye-id: 2151fc6717584556814023854e49b1\r\n","retType":2,"errorCode":{"key":"FAIL_SYS_SESSION_EXPIRED","displayMessage":"Network error, please try again later"},"errorCodeMessage":"Network error, please try again later"}", source: https://g.lazcdn.com/g/code/npm/@ali/multimod-lzd-member__signup-login-pop/1.0.3/lib-signuppop/index.umd.es5.production.js (5)
[22256:20516:0921/185442.029:INFO:CONSOLE:5] "[Anonymous Cart sdk] cartInfo [object Object]", source: https://g.lazcdn.com/g/code/npm/@ali/gcom-pc-anonymous-cart-sdk/1.0.1/lib_anonymousCart/index.umd.es5.production.js (5)
[22256:20516:0921/185442.087:INFO:CONSOLE:3] "Error", source: https://g.lazcdn.com/g/AWSC/et/1.83.35/et_f.js (3)
[22256:20516:0921/185442.144:INFO:CONSOLE:3] "Error", source: https://g.lazcdn.com/g/AWSC/et/1.83.35/et_f.js (3)
[22256:20516:0921/185442.155:INFO:CONSOLE:3] "[aplus log]: jump the middleware about aplus_body_ready, because waiting timeout maxTimeout = 1000", source: https://g.lazcdn.com/res-d/alilog/mlog/aplus/202980191.js (3)
[22256:20516:0921/185442.158:INFO:CONSOLE:3] "[aplus log]: APLUS INIT SUCCESS", source: https://g.lazcdn.com/res-d/alilog/mlog/aplus/202980191.js (3)
[22256:20516:0921/185442.215:INFO:CONSOLE:6] "这是测试On_CustomEvent_Trigger的代码，监测到业务页面触发了pageReady=complete事件，现在开始上报日志", source: https://g.lazcdn.com/res-d/alilog/mlog/aplus/202980191.js (6)
[22256:20516:0921/185442.312:WARNING:chrome\browser\media\prefs\capture_device_ranking.h:255] Can't initialize the value of media.audio_input.user_preference_ranking because media.default_audio_capture_device isn't registered or is empty
[22256:20516:0921/185442.312:WARNING:chrome\browser\media\prefs\capture_device_ranking.h:255] Can't initialize the value of media.video_input.user_preference_ranking because media.default_video_capture_Device isn't registered or is empty
[22256:20516:0921/185442.347:INFO:CONSOLE:3] "Error", source: https://g.lazcdn.com/g/AWSC/et/1.83.35/et_f.js (3)
[22256:20516:0921/185442.358:INFO:CONSOLE:5] "[Anonymous Cart sdk] isAnonymousCart :  true", source: https://g.lazcdn.com/g/code/npm/@ali/gcom-pc-anonymous-cart-sdk/1.0.1/lib_anonymousCart/index.umd.es5.production.js (5)
[22256:20516:0921/185445.044:INFO:CONSOLE:3] "Error", source: https://g.lazcdn.com/g/AWSC/et/1.83.35/et_f.js (3)
[22256:20516:0921/185445.068:INFO:CONSOLE:3] "Error", source: https://g.lazcdn.com/g/AWSC/et/1.83.35/et_f.js (3)
[22256:20516:0921/185445.117:INFO:CONSOLE:3] "Error", source: https://g.lazcdn.com/g/AWSC/et/1.83.35/et_f.js (3)
[22256:20516:0921/185445.124:INFO:CONSOLE:3] "Error", source: https://g.lazcdn.com/g/AWSC/et/1.83.35/et_f.js (3)
[22256:20516:0921/185445.141:INFO:CONSOLE:3] "Error", source: https://g.lazcdn.com/g/AWSC/et/1.83.35/et_f.js (3)
[22256:20516:0921/185445.188:INFO:CONSOLE:3] "Error", source: https://g.lazcdn.com/g/AWSC/et/1.83.35/et_f.js (3)
[22256:20516:0921/185445.216:INFO:CONSOLE:3] "Error", source: https://g.lazcdn.com/g/AWSC/et/1.83.35/et_f.js (3)
[22256:20516:0921/185445.253:INFO:CONSOLE:3] "Error", source: https://g.lazcdn.com/g/AWSC/et/1.83.35/et_f.js (3)
[22256:20516:0921/185446.045:INFO:CONSOLE:3] "Error", source: https://g.lazcdn.com/g/AWSC/et/1.83.35/et_f.js (3)
[22256:20516:0921/185446.072:INFO:CONSOLE:3] "Error", source: https://g.lazcdn.com/g/AWSC/et/1.83.35/et_f.js (3)
[22256:844:0921/185446.352:ERROR:google_apis\gcm\engine\registration_request.cc:291] Registration response error message: QUOTA_EXCEEDED
[22256:20516:0921/185450.024:INFO:CONSOLE:3] "Error", source: https://g.lazcdn.com/g/AWSC/et/1.83.35/et_f.js (3)
[22256:20516:0921/185450.131:INFO:CONSOLE:1] "A parser-blocking, cross site (i.e. different eTLD+1) script, https://g.lazcdn.com/g/??/AWSC/AWSC/awsc.js,/sd/baxia-entry/baxiaCommon.js, is invoked via document.write. The network request for this script MAY be blocked by the browser in this or a future page load due to poor network connectivity. If blocked in this page load, it will be confirmed in a subsequent console message. See https://www.chromestatus.com/feature/5718547946799104 for more details.", source: https://g.lazcdn.com/res-o/lzd_sec/LWSC/index.js (1)
[22256:20516:0921/185450.131:INFO:CONSOLE:1] "A parser-blocking, cross site (i.e. different eTLD+1) script, https://g.lazcdn.com/g/??/AWSC/AWSC/awsc.js,/sd/baxia-entry/baxiaCommon.js, is invoked via document.write. The network request for this script MAY be blocked by the browser in this or a future page load due to poor network connectivity. If blocked in this page load, it will be confirmed in a subsequent console message. See https://www.chromestatus.com/feature/5718547946799104 for more details.", source: https://g.lazcdn.com/res-o/lzd_sec/LWSC/index.js (1)
[22256:20516:0921/185450.141:INFO:CONSOLE:1026] "[header debug data]: header start", source: https://www.lazada.vn/products/pdp-i1576166750-s14059010693.html (1026)
[22256:20516:0921/185450.248:INFO:CONSOLE:1316] "[header debug data]: header end", source: https://www.lazada.vn/products/pdp-i1576166750-s14059010693.html (1316)
[22256:20516:0921/185450.330:INFO:CONSOLE:10] "URIError", source: https://g.lazcdn.com/g/lzd_sec/epssw/0.0.41/epssw.js (10)
[22256:20516:0921/185450.330:INFO:CONSOLE:4] "[object f]", source: https://g.lazcdn.com/g/lzd_sec/epssw/0.0.41/epssw.js (4)
[22256:20516:0921/185450.336:WARNING:chrome\browser\media\prefs\capture_device_ranking.h:255] Can't initialize the value of media.audio_input.user_preference_ranking because media.default_audio_capture_device isn't registered or is empty
[22256:20516:0921/185450.336:WARNING:chrome\browser\media\prefs\capture_device_ranking.h:255] Can't initialize the value of media.video_input.user_preference_ranking because media.default_video_capture_Device isn't registered or is empty
[22256:20516:0921/185450.457:INFO:CONSOLE:1861] "[header debug data]: footer start", source: https://www.lazada.vn/products/pdp-i1576166750-s14059010693.html (1861)
[22256:20516:0921/185450.467:INFO:CONSOLE:5] "[Anonymous Cart sdk] init....", source: https://g.lazcdn.com/g/code/npm/@ali/gcom-pc-anonymous-cart-sdk/1.0.1/lib_anonymousCart/index.umd.es5.production.js (5)
[22256:20516:0921/185450.546:INFO:CONSOLE:5] "[Anonymous Cart sdk] cartInfo [object Object]", source: https://g.lazcdn.com/g/code/npm/@ali/gcom-pc-anonymous-cart-sdk/1.0.1/lib_anonymousCart/index.umd.es5.production.js (5)
[22256:20516:0921/185450.715:INFO:CONSOLE:2111] "[header debug data]: footer end", source: https://www.lazada.vn/products/pdp-i1576166750-s14059010693.html (2111)
[22256:20516:0921/185450.726:INFO:CONSOLE:1] "Root node #ice-container is not found, current root is automatically created by the framework.", source: https://g.lazcdn.com/g/psolution/lzd-head-foot/1.4.2/js/388.js (1)
[22256:20516:0921/185450.818:INFO:CONSOLE:5] "[Anonymous Cart sdk] isAnonymousCart :  true", source: https://g.lazcdn.com/g/code/npm/@ali/gcom-pc-anonymous-cart-sdk/1.0.1/lib_anonymousCart/index.umd.es5.production.js (5)
[22256:20516:0921/185450.924:INFO:CONSOLE:1] "将根据已有的meta标签来设置缩放比例", source: https://g.lazcdn.com/g/??mtb/lib-flexible/0.3.2/flexible.js,mtb/lib-windvane/3.0.6/windvane.js (1)
[22256:20516:0921/185450.945:INFO:CONSOLE:10] "URIError", source: https://g.lazcdn.com/g/lzd_sec/epssw/0.0.41/epssw.js (10)
[22256:20516:0921/185450.945:INFO:CONSOLE:4] "[object f]", source: https://g.lazcdn.com/g/lzd_sec/epssw/0.0.41/epssw.js (4)
[22256:20516:0921/185450.952:INFO:CONSOLE:8] "Permissions policy violation: accelerometer is not allowed in this document.", source: https://g.lazcdn.com/g/lzd_sec/epssw/0.0.41/epssw.js (8)
[22256:20516:0921/185450.952:INFO:CONSOLE:8] "The deviceorientation events are blocked by permissions policy. See https://github.com/w3c/webappsec-permissions-policy/blob/master/features.md#sensor-features", source: https://g.lazcdn.com/g/lzd_sec/epssw/0.0.41/epssw.js (8)
[22256:20516:0921/185450.962:WARNING:chrome\browser\media\prefs\capture_device_ranking.h:255] Can't initialize the value of media.audio_input.user_preference_ranking because media.default_audio_capture_device isn't registered or is empty
[22256:20516:0921/185450.962:WARNING:chrome\browser\media\prefs\capture_device_ranking.h:255] Can't initialize the value of media.video_input.user_preference_ranking because media.default_video_capture_Device isn't registered or is empty
[22256:20516:0921/185450.977:INFO:CONSOLE:1] "Permissions policy violation: gyroscope is not allowed in this document.", source: https://g.alicdn.com/secdev/sufei_data/3.9.14/index.js (1)
[22256:20516:0921/185450.977:INFO:CONSOLE:1] "Permissions policy violation: accelerometer is not allowed in this document.", source: https://g.alicdn.com/secdev/sufei_data/3.9.14/index.js (1)
[22256:20516:0921/185450.977:INFO:CONSOLE:1] "The deviceorientation events are blocked by permissions policy. See https://github.com/w3c/webappsec-permissions-policy/blob/master/features.md#sensor-features", source: https://g.alicdn.com/secdev/sufei_data/3.9.14/index.js (1)
[22256:20516:0921/185451.038:INFO:CONSOLE:3] "Error", source: https://g.lazcdn.com/g/AWSC/et/1.83.35/et_f.js (3)
[22256:20516:0921/185451.103:INFO:CONSOLE:1] "lzd-h5-itrace version: v2.0.45", source: https://o.alicdn.com/lzdfe/lzd-h5-itrace/index.js (1)
[22256:20516:0921/185451.104:INFO:CONSOLE:1] "[lzd-h5-itrace] lifecyle report plugin ready", source: https://o.alicdn.com/lzdfe/lzd-h5-itrace/index.js (1)
[22256:20516:0921/185451.110:INFO:CONSOLE:1] "[lzd-h5-itrace 2.0] init images perf monitor", source: https://o.alicdn.com/lzdfe/lzd-h5-itrace/index.js (1)
[22256:20516:0921/185451.112:INFO:CONSOLE:1] "[lzd-h5-itrace] init asset perf monitor", source: https://o.alicdn.com/lzdfe/lzd-h5-itrace/index.js (1)
[22256:20516:0921/185451.112:INFO:CONSOLE:1] "--- iLoggerMtopPluginInit ---", source: https://o.alicdn.com/lzdfe/lzd-h5-itrace/index.js (1)
[22256:20516:0921/185451.112:INFO:CONSOLE:1] "[lzd-h5-itrace] mtop itrace plugin init success!", source: https://o.alicdn.com/lzdfe/lzd-h5-itrace/index.js (1)
[22256:20516:0921/185451.234:INFO:CONSOLE:2181] "ServiceWorker registration successful with scope:  https://www.lazada.vn/products/", source: https://www.lazada.vn/products/pdp-i1576166750-s14059010693.html (2181)
[22256:20516:0921/185451.235:INFO:CONSOLE:0] "Potential permissions policy violation: publickey-credentials-get is not allowed in this document.", source:  (0)
[22256:20516:0921/185452.679:INFO:CONSOLE:5] "[FloatCartSDK][log] ANONYMOUS_FLOAT_CART_IS_ANONYMOUS [object Object]", source: https://g.lazcdn.com/g/code/npm/@ali/multimod-lzd-trade__cart/2.1.118/lib-cart/index.umd.es5.production.js (5)
[22256:20516:0921/185452.680:INFO:CONSOLE:5] "[FloatCartSDK] assets env is set to product by window.__LIB_CART_ASSETS_ENV__", source: https://g.lazcdn.com/g/code/npm/@ali/multimod-lzd-trade__cart/2.1.118/lib-cart/index.umd.es5.production.js (5)
[22256:20516:0921/185452.711:INFO:CONSOLE:5] "[FloatCartSDK][log] FLOAT_CART_MOUNT_CSS_LOAD_RESULT [object Object]", source: https://g.lazcdn.com/g/code/npm/@ali/multimod-lzd-trade__cart/2.1.118/lib-cart/index.umd.es5.production.js (5)
[22256:20516:0921/185452.713:INFO:CONSOLE:5] "[FloatCartSDK][log] ANONYMOUS_PC_CART_GET_CACHE [object Object]", source: https://g.lazcdn.com/g/code/npm/@ali/multimod-lzd-trade__cart/2.1.118/lib-cart/index.umd.es5.production.js (5)
[22256:20516:0921/185452.714:INFO:CONSOLE:5] "[FloatCartSDK][log] FLOAT_CART_MOUNT_RESULT [object Object]", source: https://g.lazcdn.com/g/code/npm/@ali/multimod-lzd-trade__cart/2.1.118/lib-cart/index.umd.es5.production.js (5)
[22256:20516:0921/185452.714:INFO:CONSOLE:5] "[FloatCartSDK][log] ANONYMOUS_FLOAT_CART_ADDITEMS [object Object]", source: https://g.lazcdn.com/g/code/npm/@ali/multimod-lzd-trade__cart/2.1.118/lib-cart/index.umd.es5.production.js (5)
[20368:2448:0921/185454.999:WARNING:third_party\webrtc\media\engine\webrtc_voice_engine.cc:805] Attempting to stop aecdump when no audio processing module is present
[22256:20516:0921/185455.913:INFO:CONSOLE:9] "The ScriptProcessorNode is deprecated. Use AudioWorkletNode instead. (https://bit.ly/audio-worklet)", source: https://aeu.alicdn.com/AWSC/uab/1.140.0/collina.js (9)
[22256:20516:0921/185455.916:INFO:CONSOLE:1] "The ScriptProcessorNode is deprecated. Use AudioWorkletNode instead. (https://bit.ly/audio-worklet)", source: https://g.alicdn.com/AWSC/fireyejs/1.227.0/fireyejs.js (1)
[22256:20516:0921/185456.033:INFO:CONSOLE:3] "Error", source: https://g.lazcdn.com/g/AWSC/et/1.83.35/et_f.js (3)
[22256:20516:0921/185456.045:INFO:CONSOLE:7] "UAT mtop error log:{"ret":["FAIL_SYS_USER_VALIDATE","RGV587_ERROR::SM::哎哟喂,被挤爆啦,请稍后重试"],"data":{"url":"https://acs-m.lazada.vn:443//h5/mtop.global.detail.web.getdetailinfo/1.0/_____tmd_____/punish?x5secdata=xga2d20ab8e4c2270anad1c74dd3747cad44bdd0c79d2f65e11b1758455690a1984346082a958803491abaxc3eajrecaptcha33b490cd9b9cfdb7a3fe6b210a580c7fefc__bx__acs-m.lazada.vn:443/h5/mtop.global.detail.web.getdetailinfo/1.0&x5step=2&action=captcharecaptcha&pureCaptcha=","dialogSize":{"width":"420px","height":"480px"}},"dialogSize":{"width":"420px","height":"480px"},"responseHeaders":"cache-control: no-store\r\ncontent-length: 562\r\ncontent-type: application/json;charset=UTF-8\r\n","retType":-1,"errorCode":{"key":"FAIL_SYS_USER_VALIDATE","displayMessage":"Network error, please try again later"},"errorCodeMessage":"Network error, please try again later"}", source: https://g.lazcdn.com/g/??code/npm/@ali/lzd-h5-utils-qs/2.0.1/index.js,code/npm/@ali/lzd-h5-utils-cookie/2.1.0/index.js,code/npm/@ali/lzd-h5-utils-sites/2.1.0/index.js,code/npm/@ali/lzd-h5-utils-env/2.2.0/index.js,code/npm/@ali/lzd-h5-utils-logger/2.2.0/index.js,code/npm/@ali/lzd-h5-utils-jsonp/2.1.0/index.js,code/npm/@ali/lzd-h5-utils-mtop/2.2.2/index.js,code/npm/@ali/lzd-h5-utils-icon/1.0.12/index.js,lzd/assets/1.1.18/require/2.3.6/require.js (7)
[22256:20516:0921/185456.045:INFO:CONSOLE:1801] "[object Object]", source: https://www.lazada.vn/products/pdp-i1576166750-s14059010693.html (1801)
[22256:20516:0921/185456.072:INFO:CONSOLE:1] "Uncaught TypeError: Cannot read properties of null (reading 'parentNode')", source: https://g.lazcdn.com/g/lazada-search-fe/lzd-searchbox/0.4.26/index.js (1)
[22256:20516:0921/185456.085:INFO:CONSOLE:1683] "start run...", source: https://www.lazada.vn/products/pdp-i1576166750-s14059010693.html (1683)
[22256:20516:0921/185456.213:INFO:CONSOLE:5] "UAT mtop error log:{"api":"mtop.lazada.member.user.biz.getuser","data":{},"ret":["FAIL_SYS_SESSION_EXPIRED::Session过期"],"v":"1.0","responseHeaders":"cache-control: no-cache\r\ncontent-length: 115\r\ncontent-type: application/json;charset=UTF-8\r\npragma: no-cache\r\nx-eagleeye-id: 2151fc6717584556963954340e49b1\r\n","retType":2,"errorCode":{"key":"FAIL_SYS_SESSION_EXPIRED","displayMessage":"Network error, please try again later"},"errorCodeMessage":"Network error, please try again later"}", source: https://g.lazcdn.com/g/code/npm/@ali/multimod-lzd-member__signup-login-pop/1.0.3/lib-signuppop/index.umd.es5.production.js (5)
[22256:20516:0921/185456.215:INFO:CONSOLE:5] "UAT mtop error log:{"api":"mtop.lazada.carts.ultron.query.cutover","data":{},"ret":["FAIL_SYS_SESSION_EXPIRED::Session过期"],"traceId":"2151fc6717584556964074342e49b1","v":"1.0","responseHeaders":"cache-control: no-cache\r\ncontent-length: 161\r\ncontent-type: application/json;charset=UTF-8\r\npragma: no-cache\r\nx-eagleeye-id: 2151fc6717584556964074342e49b1\r\n","retType":2,"errorCode":{"key":"FAIL_SYS_SESSION_EXPIRED","displayMessage":"Network error, please try again later"},"errorCodeMessage":"Network error, please try again later"}", source: https://g.lazcdn.com/g/code/npm/@ali/multimod-lzd-trade__cart/2.1.118/lib-cart/index.umd.es5.production.js (5)
[22256:20516:0921/185456.216:INFO:CONSOLE:5] "[FloatCartSDK][log] ANONYMOUS_PC_CART_GET_CACHE [object Object]", source: https://g.lazcdn.com/g/code/npm/@ali/multimod-lzd-trade__cart/2.1.118/lib-cart/index.umd.es5.production.js (5)
[22256:20516:0921/185456.216:INFO:CONSOLE:5] "[FloatCartSDK][log] FLOAT_CART_VISIBILITY_CHECK_RESULT [object Object]", source: https://g.lazcdn.com/g/code/npm/@ali/multimod-lzd-trade__cart/2.1.118/lib-cart/index.umd.es5.production.js (5)
[22256:20516:0921/185456.217:INFO:CONSOLE:5] "[FloatCartSDK][log] ANONYMOUS_FLOAT_CART_RENDER [object Object]", source: https://g.lazcdn.com/g/code/npm/@ali/multimod-lzd-trade__cart/2.1.118/lib-cart/index.umd.es5.production.js (5)
[22256:20516:0921/185456.882:INFO:CONSOLE:7] "UAT mtop error log:{"api":"mtop.lazada.review.item.getpcreviewlist","data":{},"ret":["FAIL_SYS_BIZPARAM_MISSED::缺少业务参数itemId"],"v":"1.0","responseHeaders":"cache-control: no-cache\r\ncontent-length: 130\r\ncontent-type: application/json;charset=UTF-8\r\npragma: no-cache\r\nx-eagleeye-id: 2151fc6717584556971184368e49b1\r\n","retType":-1,"errorCode":{"key":"FAIL_SYS_BIZPARAM_MISSED","displayMessage":"Network error, please try again later"},"errorCodeMessage":"Network error, please try again later"}", source: https://g.lazcdn.com/g/??code/npm/@ali/lzd-h5-utils-qs/2.0.1/index.js,code/npm/@ali/lzd-h5-utils-cookie/2.1.0/index.js,code/npm/@ali/lzd-h5-utils-sites/2.1.0/index.js,code/npm/@ali/lzd-h5-utils-env/2.2.0/index.js,code/npm/@ali/lzd-h5-utils-logger/2.2.0/index.js,code/npm/@ali/lzd-h5-utils-jsonp/2.1.0/index.js,code/npm/@ali/lzd-h5-utils-mtop/2.2.2/index.js,code/npm/@ali/lzd-h5-utils-icon/1.0.12/index.js,lzd/assets/1.1.18/require/2.3.6/require.js (7)
[7384:13840:0921/185457.023:WARNING:ui\gl\angle_platform_impl.cc:47] HLSLCompiler.cpp:250 (rx::HLSLCompiler::compileToBinary): 
C:\fakepath(138,3-70): warning X3557: loop only executes for 1 iteration(s), forcing loop to unroll

